D:\Proyecto-Agenda-Mejoras-1\Agenda.API\Abstractions\IHeaderConfiguration.cs

D:\Proyecto-Agenda-Mejoras-1\Agenda.API\Application\Auditoria\AuditRequest.cs

D:\Proyecto-Agenda-Mejoras-1\Agenda.API\Application\Auditoria\AuditResponse.cs

D:\Proyecto-Agenda-Mejoras-1\Agenda.API\Application\Auditoria\RequestModel.cs

D:\Proyecto-Agenda-Mejoras-1\Agenda.API\Application\Auditoria\ResponseModel.cs

D:\Proyecto-Agenda-Mejoras-1\Agenda.API\Application\Auditoria\ResponseService.cs

D:\Proyecto-Agenda-Mejoras-1\Agenda.API\Application\Behaviors\TransactionBehaviour.cs
Handle 4
Handle -1

D:\Proyecto-Agenda-Mejoras-1\Agenda.API\Application\Behaviors\ValidatorBehavior.cs
Handle 4
Handle -1

D:\Proyecto-Agenda-Mejoras-1\Agenda.API\Application\Commands\CitaCommand\ActualizarCitaCommand.cs

D:\Proyecto-Agenda-Mejoras-1\Agenda.API\Application\Commands\CitaCommand\CalificarCitaCommand.cs

D:\Proyecto-Agenda-Mejoras-1\Agenda.API\Application\Commands\CitaCommand\CitaCommandExample.cs
GetExamples 30
GetExamples -1
GetExamples 11
GetExamples -1
GetExamples 8
GetExamples -1
GetExamples 49
GetExamples -1
GetExamples 12
GetExamples -1
GetExamples 12
GetExamples -1

D:\Proyecto-Agenda-Mejoras-1\Agenda.API\Application\Commands\CitaCommand\CitaCommandHandler.cs
Handle 4
Handle -1
Handle 28
Handle -1
Handle 8
Handle -1

D:\Proyecto-Agenda-Mejoras-1\Agenda.API\Application\Commands\CitaCommand\CrearCitaCommand.cs

D:\Proyecto-Agenda-Mejoras-1\Agenda.API\Application\Commands\ProspectoCommand\ActualizarProspectoCommand.cs

D:\Proyecto-Agenda-Mejoras-1\Agenda.API\Application\Commands\ProspectoCommand\CrearProspectoCommand.cs

D:\Proyecto-Agenda-Mejoras-1\Agenda.API\Application\Commands\ProspectoCommand\DescartarProspectoCommand.cs

D:\Proyecto-Agenda-Mejoras-1\Agenda.API\Application\Commands\ProspectoCommand\ProspectoCommandExample.cs
GetExamples 17
GetExamples -1
GetExamples 45
GetExamples -1
GetExamples 19
GetExamples -1
GetExamples 12
GetExamples -1
GetExamples 51
GetExamples -1
GetExamples 8
GetExamples -1

D:\Proyecto-Agenda-Mejoras-1\Agenda.API\Application\Commands\ProspectoCommand\ProspectoCommandHandler.cs
Handle 4
Handle -1
Handle 8
Handle -1
Handle 5
Handle -1

D:\Proyecto-Agenda-Mejoras-1\Agenda.API\Application\Commands\RecordatorioLlamadaCommand\ActualizarRecordatorioLlamadaCommand.cs

D:\Proyecto-Agenda-Mejoras-1\Agenda.API\Application\Commands\RecordatorioLlamadaCommand\CrearRecordatorioLlamadaCommand.cs

D:\Proyecto-Agenda-Mejoras-1\Agenda.API\Application\Commands\RecordatorioLlamadaCommand\RecordatorioLlamadaCommandExample.cs
GetExamples 35
GetExamples -1
GetExamples 8
GetExamples -1
GetExamples 10
GetExamples -1
GetExamples 8
GetExamples -1

D:\Proyecto-Agenda-Mejoras-1\Agenda.API\Application\Commands\RecordatorioLlamadaCommand\RecordatorioLlamadaCommandHandler.cs
Handle 17
Handle -1
Handle 4
Handle -1

D:\Proyecto-Agenda-Mejoras-1\Agenda.API\Application\Commands\ReunionCommand\ActualizarReunionCommand.cs

D:\Proyecto-Agenda-Mejoras-1\Agenda.API\Application\Commands\ReunionCommand\CrearReunionCommand.cs

D:\Proyecto-Agenda-Mejoras-1\Agenda.API\Application\Commands\ReunionCommand\ReunionCommandExample.cs
GetExamples 13
GetExamples -1
GetExamples 8
GetExamples -1
GetExamples 35
GetExamples -1
GetExamples 12
GetExamples -1

D:\Proyecto-Agenda-Mejoras-1\Agenda.API\Application\Commands\ReunionCommand\ReunionCommandHandler.cs
Handle 4
Handle -1
Handle 5
Handle -1

D:\Proyecto-Agenda-Mejoras-1\Agenda.API\Application\Comun\ConfigurationHelper.cs
ObtenerMensajeRespuestaServicio 6
ObtenerMensajeRespuestaServicio -1
ObtenerMensajeRespuestaServicio 23
ObtenerMensajeRespuestaServicio -1
ObtenerCodigoRespuestaServicio 22
ObtenerCodigoRespuestaServicio -1

D:\Proyecto-Agenda-Mejoras-1\Agenda.API\Application\Comun\Constante.cs

D:\Proyecto-Agenda-Mejoras-1\Agenda.API\Application\Comun\IImpresionLog.cs
InicioMetodo 4
InicioMetodo -1
FinMetodo 4
FinMetodo -1
DatosInicioMetodo 24
DatosInicioMetodo -1
DatosFinMetodo 6
DatosFinMetodo -1

D:\Proyecto-Agenda-Mejoras-1\Agenda.API\Application\Comun\ImpresionLog.cs
InicioMetodo 8
InicioMetodo -1
FinMetodo 11
FinMetodo -1
DatosInicioMetodo 7
DatosInicioMetodo -1
DatosFinMetodo 40
DatosFinMetodo -1

D:\Proyecto-Agenda-Mejoras-1\Agenda.API\Application\Comun\ResponseInternalServerModelExample.cs
GetExamples 8
GetExamples -1

D:\Proyecto-Agenda-Mejoras-1\Agenda.API\Application\Dtos\Request\ProspectoQueryFilter.cs

D:\Proyecto-Agenda-Mejoras-1\Agenda.API\Application\Dtos\Response\EntidadDto.cs

D:\Proyecto-Agenda-Mejoras-1\Agenda.API\Application\Dtos\Response\ProspectoDto.cs

D:\Proyecto-Agenda-Mejoras-1\Agenda.API\Application\MappingProfiles\MappingProfile.cs

D:\Proyecto-Agenda-Mejoras-1\Agenda.API\Application\Queries\Calendario\CalendarioQueries.cs
ObtenerSemanaCalendario 5
ObtenerSemanaCalendario -1
ObtenerReporteActividadSemanal 7
ObtenerReporteActividadSemanal -1
ObtenerAsesoresPorSupervisor 34
ObtenerAsesoresPorSupervisor -1
ObtenerNumeroDiaSemana 5
ObtenerNumeroDiaSemana -1
ObtenerCitaCalendario 13
ObtenerCitaCalendario -1
ObtenerRecordatorioLlamadaCalendario 9
ObtenerRecordatorioLlamadaCalendario -1
ObtenerReunionCalendario 18
ObtenerReunionCalendario -1
ObtenerProspectoPorMes 30
ObtenerProspectoPorMes -1
ObtenerProspectoAdnPorMes 6
ObtenerProspectoAdnPorMes -1
ObtenerCitasPorMes 5
ObtenerCitasPorMes -1
AgruparProspectoCita 4
AgruparProspectoCita -1

D:\Proyecto-Agenda-Mejoras-1\Agenda.API\Application\Queries\Calendario\CalendarioViewModel.cs

D:\Proyecto-Agenda-Mejoras-1\Agenda.API\Application\Queries\Calendario\ICalendarioQueries.cs
ObtenerSemanaCalendario 36
ObtenerSemanaCalendario -1
ObtenerReporteActividadSemanal 6
ObtenerReporteActividadSemanal -1
ObtenerAsesoresPorSupervisor 5
ObtenerAsesoresPorSupervisor -1

D:\Proyecto-Agenda-Mejoras-1\Agenda.API\Application\Queries\Calendario\ReporteSemanaViewModel.cs

D:\Proyecto-Agenda-Mejoras-1\Agenda.API\Application\Queries\Cita\CitaQueries.cs
ObtenerNumeroCita 5
ObtenerNumeroCita -1
ValidarFechaHorarioAgendamiento 4
ValidarFechaHorarioAgendamiento -1

D:\Proyecto-Agenda-Mejoras-1\Agenda.API\Application\Queries\Cita\CitaQueriesExample.cs
GetExamples 10
GetExamples -1

D:\Proyecto-Agenda-Mejoras-1\Agenda.API\Application\Queries\Cita\CitaViewModel.cs

D:\Proyecto-Agenda-Mejoras-1\Agenda.API\Application\Queries\Cita\ICitaQueries.cs
ObtenerNumeroCita 4
ObtenerNumeroCita -1
ValidarFechaHorarioAgendamiento 4
ValidarFechaHorarioAgendamiento -1

D:\Proyecto-Agenda-Mejoras-1\Agenda.API\Application\Queries\ConsolidadoIntermediario\ConsolidadoIntermediarioQueries.cs
ObtenerIdConsolidadoIntermediario 7
ObtenerIdConsolidadoIntermediario -1

D:\Proyecto-Agenda-Mejoras-1\Agenda.API\Application\Queries\ConsolidadoIntermediario\IConsolidadoIntermediarioQueries.cs
ObtenerIdConsolidadoIntermediario 4
ObtenerIdConsolidadoIntermediario -1

D:\Proyecto-Agenda-Mejoras-1\Agenda.API\Application\Queries\Generales\GeneralesQueries.cs
ObtenerCodigoRangoEdad 4
ObtenerCodigoRangoEdad -1
ObtenerCodigoRangoFondo 4
ObtenerCodigoRangoFondo -1

D:\Proyecto-Agenda-Mejoras-1\Agenda.API\Application\Queries\Generales\IGeneralesQueries.cs
ObtenerCodigoRangoFondo 9
ObtenerCodigoRangoFondo -1
ObtenerCodigoRangoEdad 4
ObtenerCodigoRangoEdad -1

D:\Proyecto-Agenda-Mejoras-1\Agenda.API\Application\Queries\Prospecto\IProspectoQueries.cs
ObtenerProspectoPorFiltro 4
ObtenerProspectoPorFiltro -1
ObtenerProspectoDetallePorIdProspecto 4
ObtenerProspectoDetallePorIdProspecto -1
ObtenerProspectoVistaPrevia 7
ObtenerProspectoVistaPrevia -1

D:\Proyecto-Agenda-Mejoras-1\Agenda.API\Application\Queries\Prospecto\ProspectoQueries.cs
ObtenerProspectoPorFiltro 6
ObtenerProspectoPorFiltro -1
ObtenerProspectoDetallePorIdProspecto 17
ObtenerProspectoDetallePorIdProspecto -1
ObtenerProspectoVistaPrevia 8
ObtenerProspectoVistaPrevia -1
ObtenerProspectoDetallePorId 8
ObtenerProspectoDetallePorId -1
ObtenerProspectoVistaPreviaPorId 25
ObtenerProspectoVistaPreviaPorId -1
ObtenerProspectosDelDia 6
ObtenerProspectosDelDia -1
ObtenerCitaCalificada 5
ObtenerCitaCalificada -1
ObtenerAgendadosCitas 6
ObtenerAgendadosCitas -1
ObtenerAgendadosRecordatorioLlamada 4
ObtenerAgendadosRecordatorioLlamada -1

D:\Proyecto-Agenda-Mejoras-1\Agenda.API\Application\Queries\Prospecto\ProspectoQueriesExample.cs
GetExamples 49
GetExamples -1
GetExamples 17
GetExamples -1

D:\Proyecto-Agenda-Mejoras-1\Agenda.API\Application\Queries\Prospecto\ProspectoViewModel.cs

D:\Proyecto-Agenda-Mejoras-1\Agenda.API\Application\Validations\CitaCommandValidator.cs

D:\Proyecto-Agenda-Mejoras-1\Agenda.API\Application\Validations\ProspectoCommandValidator.cs

D:\Proyecto-Agenda-Mejoras-1\Agenda.API\Application\Validations\RecordatorioLlamadaCommandValidator.cs

D:\Proyecto-Agenda-Mejoras-1\Agenda.API\Application\Validations\ReunionCommandValidator.cs

D:\Proyecto-Agenda-Mejoras-1\Agenda.API\Configurations\HeaderConfiguration.cs

D:\Proyecto-Agenda-Mejoras-1\Agenda.API\Controllers\CalendarioController.cs
ObtenerSemanaCalendario 4
ObtenerSemanaCalendario -1
ObtenerReporteActividadSemanal 8
ObtenerReporteActividadSemanal -1
ObtenerAsesoresPorSupervisor 4
ObtenerAsesoresPorSupervisor -1

D:\Proyecto-Agenda-Mejoras-1\Agenda.API\Controllers\CitaController.cs
Registrar 21
Registrar -1
Actualizar 6
Actualizar -1
Calificar 5
Calificar -1
ObtenerNumeroCita 4
ObtenerNumeroCita -1
ValidarFechaHorarioCita 6
ValidarFechaHorarioCita -1

D:\Proyecto-Agenda-Mejoras-1\Agenda.API\Controllers\ProspectoController.cs
Registrar 7
Registrar -1
Actualizar 5
Actualizar -1
Descartar 6
Descartar -1
ObtenerProspectoPorFiltro 5
ObtenerProspectoPorFiltro -1
ObtenerProspectoDetallePorIdProspecto 6
ObtenerProspectoDetallePorIdProspecto -1

D:\Proyecto-Agenda-Mejoras-1\Agenda.API\Controllers\RecordatorioLlamadaController.cs
Registrar 4
Registrar -1
Actualizar 36
Actualizar -1

D:\Proyecto-Agenda-Mejoras-1\Agenda.API\Controllers\ReunionController.cs
Registrar 4
Registrar -1
Actualizar 4
Actualizar -1

D:\Proyecto-Agenda-Mejoras-1\Agenda.API\Extensions\HeaderConfigurationExtension.cs
UseHeaderConfiguration 10
UseHeaderConfiguration -1

D:\Proyecto-Agenda-Mejoras-1\Agenda.API\Infrastructure\AutofacModules\CommandsModule.cs
Load 9
Load -1

D:\Proyecto-Agenda-Mejoras-1\Agenda.API\Infrastructure\AutofacModules\MediatorModule.cs
Load 15
Load -1

D:\Proyecto-Agenda-Mejoras-1\Agenda.API\Infrastructure\AutofacModules\QueriesModule.cs
Load 4
Load -1

D:\Proyecto-Agenda-Mejoras-1\Agenda.API\Infrastructure\AutofacModules\RepositoryModule.cs
Load 15
Load -1

D:\Proyecto-Agenda-Mejoras-1\Agenda.API\Infrastructure\AutofacModules\ValidatorModule.cs
Load 60
Load -1

D:\Proyecto-Agenda-Mejoras-1\Agenda.API\Infrastructure\Middlewares\HeaderConfigurationMiddleware.cs
InvokeAsync 6
InvokeAsync -1

D:\Proyecto-Agenda-Mejoras-1\Agenda.API\Program.cs
Main 6
Main -1
CreateHostBuilder 18
CreateHostBuilder -1
GetConfiguration 10
GetConfiguration -1

D:\Proyecto-Agenda-Mejoras-1\Agenda.API\Startup.cs
ConfigureServices 5
ConfigureServices -1
Configure 7
Configure -1
AddCustomMvc 4
AddCustomMvc -1
AddCustomDbContext 4
AddCustomDbContext -1
AddCustomSwagger 31
AddCustomSwagger -1

C:\Users\Administrador\AppData\Local\Temp\.NETCoreApp,Version=v3.1.AssemblyAttributes.cs

D:\Proyecto-Agenda-Mejoras-1\Agenda.API\obj\Debug\netcoreapp3.1\Agenda.API.MvcApplicationPartsAssemblyInfo.cs

D:\Proyecto-Agenda-Mejoras-1\Agenda.API\obj\Debug\netcoreapp3.1\Agenda.API.AssemblyInfo.cs

